<?xml version="1.0" encoding="UTF-8"?>
<!-- Generated by org.testng.reporters.JUnitXMLReporter -->
<testsuite hostname="DESKTOP-DIKF5R3" ignored="0" name="Test" tests="2" failures="0" timestamp="2022-11-04T18:21:45 IST" time="0.188" errors="0">
  <testcase name="@BeforeTest launchBrowser" time="-1.667566305415E9" classname="testPack.VerifyExcelsheetCode">
    <failure type="org.testng.TestNGException" message="
Parameter &amp;apos;browser&amp;apos; is required by BeforeTest on method launchBrowser but has not been marked @Optional or defined
in D:\2ndJulyBatchProjectName\Maven-July-21-2022\testng.xml">
      <![CDATA[org.testng.TestNGException: 
Parameter 'browser' is required by BeforeTest on method launchBrowser but has not been marked @Optional or defined
in D:\2ndJulyBatchProjectName\Maven-July-21-2022\testng.xml
... Removed 21 stack frames]]>
    </failure>
  </testcase> <!-- @BeforeTest launchBrowser -->
  <testcase name="@BeforeClass createPomObject" time="-1.667566305493E9" classname="testPack.VerifyExcelsheetCode">
    <skipped/>
  </testcase> <!-- @BeforeClass createPomObject -->
  <testcase name="@BeforeMethod hintUrl" time="-1.667566305537E9" classname="testPack.VerifyExcelsheetCode">
    <skipped/>
  </testcase> <!-- @BeforeMethod hintUrl -->
  <testcase name="@AfterMethod logoutFromApplication" time="-1.667566305553E9" classname="testPack.VerifyExcelsheetCode">
    <skipped/>
  </testcase> <!-- @AfterMethod logoutFromApplication -->
  <testcase name="@BeforeMethod hintUrl" time="-1.667566305562E9" classname="testPack.VerifyExcelsheetCode">
    <skipped/>
  </testcase> <!-- @BeforeMethod hintUrl -->
  <testcase name="@AfterMethod logoutFromApplication" time="-1.667566305574E9" classname="testPack.VerifyExcelsheetCode">
    <skipped/>
  </testcase> <!-- @AfterMethod logoutFromApplication -->
  <testcase name="@AfterClass clearObject" time="-1.667566305579E9" classname="testPack.VerifyExcelsheetCode">
    <skipped/>
  </testcase> <!-- @AfterClass clearObject -->
  <testcase name="@AfterTest closeBrowser" time="-1.667566305583E9" classname="testPack.VerifyExcelsheetCode">
    <skipped/>
  </testcase> <!-- @AfterTest closeBrowser -->
  <testcase name="verifyReturnToMessengerButton" time="0.0" classname="testPack.VerifyExcelsheetCode">
    <skipped/>
  </testcase> <!-- verifyReturnToMessengerButton -->
  <testcase name="verifyContactToHelpCenterButton" time="0.0" classname="testPack.VerifyExcelsheetCode">
    <skipped/>
  </testcase> <!-- verifyContactToHelpCenterButton -->
</testsuite> <!-- Test -->
